<?xml version="1.0" encoding="UTF-8"?>
<!-- Generated by org.testng.reporters.JUnitXMLReporter -->
<testsuite ignored="0" hostname="SD" failures="0" tests="4" name="Default test" time="22.626" errors="0" timestamp="2023-01-24T11:37:51 PST">
  <testcase classname="com.qa.luma.testcases.SignInTestCases" name="verifySignInLink" time="0.181"/>
  <testcase classname="com.qa.luma.testcases.SignInTestCases" name="verifyLogin" time="3.85"/>
  <testcase classname="com.qa.luma.testcases.SignInTestCases" name="verifyLoggedInUserName" time="1.755"/>
  <testcase classname="com.qa.luma.testcases.SignInTestCases" name="verifySignOut" time="1.647"/>
</testsuite> <!-- Default test -->
