<?xml version="1.0" encoding="UTF-8"?>
<!-- Generated by org.testng.reporters.JUnitXMLReporter -->
<testsuite ignored="3" hostname="SD" failures="0" tests="11" name="Smoke Tests" time="66.586" errors="0" timestamp="2023-01-20T12:10:23 PST">
  <testcase classname="com.qa.luma.testcases.SignUpTestCases" name="verifySignUpLink" time="0.199"/>
  <testcase classname="com.qa.luma.testcases.SignUpTestCases" name="verifyCreateAnAccount" time="6.298"/>
  <testcase classname="com.qa.luma.testcases.SignInTestCases" name="verifySignInLink" time="0.062"/>
  <testcase classname="com.qa.luma.testcases.SignInTestCases" name="verifyLogin" time="3.851"/>
  <testcase classname="com.qa.luma.testcases.ProductDetailsTestCases" name="verifyProductItemPrice" time="0.11"/>
  <testcase classname="com.qa.luma.testcases.ProductDetailsTestCases" name="verifyClickOnAddToCart" time="2.201"/>
  <testcase classname="com.qa.luma.testcases.ProductDetailsTestCases" name="verifyClickOnShowCart" time="0.111"/>
  <testcase classname="com.qa.luma.testcases.ProductDetailsTestCases" name="verifyCheckProductName" time="0.612"/>
  <testcase classname="com.qa.luma.testcases.ProductDetailsTestCases" name="verifyClickProceedToCheckOut" time="2.004"/>
  <testcase classname="com.qa.luma.testcases.CatalogSearchTestCases" name="verifyEnterSearchKeyword" time="4.448"/>
  <testcase classname="com.qa.luma.testcases.CatalogSearchTestCases" name="verifyGetProductPrices" time="0.214"/>
  <testcase classname="com.qa.luma.browser.LaunchBrowser" name="@BeforeSuite deleteExistingReports" time="0.0">
    <ignored/>
  </testcase> <!-- @BeforeSuite deleteExistingReports -->
  <testcase classname="com.qa.luma.browser.LaunchBrowser" name="@BeforeSuite deleteExistingReports" time="0.0">
    <ignored/>
  </testcase> <!-- @BeforeSuite deleteExistingReports -->
  <testcase classname="com.qa.luma.browser.LaunchBrowser" name="@BeforeSuite deleteExistingReports" time="0.0">
    <ignored/>
  </testcase> <!-- @BeforeSuite deleteExistingReports -->
</testsuite> <!-- Smoke Tests -->
