<?xml version="1.0" encoding="UTF-8"?>
<!-- Generated by org.testng.reporters.JUnitXMLReporter -->
<testsuite ignored="3" hostname="SD" failures="0" tests="11" name="Test" time="66.306" errors="0" timestamp="2023-01-19T12:04:11 PST">
  <testcase classname="com.qa.luma.testcases.SignUpTestCases" name="verifySignUpLink" time="0.105"/>
  <testcase classname="com.qa.luma.testcases.SignUpTestCases" name="verifyCreateAnAccount" time="6.251"/>
  <testcase classname="com.qa.luma.testcases.SignInTestCases" name="verifySignInLink" time="0.04"/>
  <testcase classname="com.qa.luma.testcases.SignInTestCases" name="verifyLogin" time="4.035"/>
  <testcase classname="com.qa.luma.testcases.ProductDetailsTestCases" name="verifyProductItemPrice" time="0.035"/>
  <testcase classname="com.qa.luma.testcases.ProductDetailsTestCases" name="verifyClickOnAddToCart" time="2.735"/>
  <testcase classname="com.qa.luma.testcases.ProductDetailsTestCases" name="verifyClickOnShowCart" time="0.085"/>
  <testcase classname="com.qa.luma.testcases.ProductDetailsTestCases" name="verifyCheckProductName" time="0.579"/>
  <testcase classname="com.qa.luma.testcases.ProductDetailsTestCases" name="verifyClickProceedToCheckOut" time="2.157"/>
  <testcase classname="com.qa.luma.testcases.CatalogSearchTestCases" name="verifyEnterSearchKeyword" time="2.14"/>
  <testcase classname="com.qa.luma.testcases.CatalogSearchTestCases" name="verifyGetProductPrices" time="0.204"/>
  <testcase classname="com.qa.luma.browser.LaunchBrowser" name="@BeforeSuite deleteExistingReports" time="0.0">
    <ignored/>
  </testcase> <!-- @BeforeSuite deleteExistingReports -->
  <testcase classname="com.qa.luma.browser.LaunchBrowser" name="@BeforeSuite deleteExistingReports" time="0.0">
    <ignored/>
  </testcase> <!-- @BeforeSuite deleteExistingReports -->
  <testcase classname="com.qa.luma.browser.LaunchBrowser" name="@BeforeSuite deleteExistingReports" time="0.0">
    <ignored/>
  </testcase> <!-- @BeforeSuite deleteExistingReports -->
</testsuite> <!-- Test -->
